PRT1
69
178
4 0 34 (512 0 128 ) (320 0 128 ) (320 0 0 ) (512 0 0 ) 
4 1 10 (1280 -128 136 ) (1280 -128 256 ) (1152 -128 256 ) (1152 -128 136 ) 
4 1 6 (1152 -128 136 ) (1152 -128 256 ) (1152 0 256 ) (1152 0 136 ) 
4 1 2 (1216 -96 136 ) (1216 -40 136 ) (1280 -40 136 ) (1280 -96 136 ) 
4 2 4 (1216 -96 128 ) (1216 -40 128 ) (1280 -40 128 ) (1280 -96 128 ) 
4 3 7 (1152 -40 128 ) (1152 0 128 ) (1152 0 0 ) (1152 -40 0 ) 
4 3 4 (1152 -40 0 ) (1216 -40 0 ) (1216 -40 128 ) (1152 -40 128 ) 
4 4 16 (1184 -128 128 ) (1152 -128 128 ) (1152 -128 0 ) (1184 -128 0 ) 
4 4 13 (1280 -128 0 ) (1280 -128 128 ) (1184 -128 128 ) (1184 -128 0 ) 
4 4 7 (1152 -128 0 ) (1152 -128 128 ) (1152 -40 128 ) (1152 -40 0 ) 
4 5 19 (1280 -128 -128 ) (1280 -128 -16 ) (1152 -128 -16 ) (1152 -128 -128 ) 
4 5 9 (1152 -128 -128 ) (1152 -128 -16 ) (1152 -104 -16 ) (1152 -104 -128 ) 
4 5 8 (1152 -104 -16 ) (1152 0 -16 ) (1152 0 -128 ) (1152 -104 -128 ) 
4 6 29 (1024 0 256 ) (1024 0 136 ) (1024 -128 136 ) (1024 -128 256 ) 
4 6 10 (1024 -128 256 ) (1024 -128 136 ) (1152 -128 136 ) (1152 -128 256 ) 
4 7 30 (1024 0 128 ) (1024 0 0 ) (1024 -128 0 ) (1024 -128 128 ) 
4 7 16 (1024 -128 128 ) (1024 -128 0 ) (1152 -128 0 ) (1152 -128 128 ) 
4 7 9 (1152 -104 0 ) (1152 -128 0 ) (1024 -128 0 ) (1024 -104 0 ) 
4 8 31 (1024 0 -16 ) (1024 0 -128 ) (1024 -104 -128 ) (1024 -104 -16 ) 
4 8 9 (1152 -104 -128 ) (1152 -104 -16 ) (1024 -104 -16 ) (1024 -104 -128 ) 
4 9 31 (1024 -128 -128 ) (1024 -128 -16 ) (1024 -104 -16 ) (1024 -104 -128 ) 
4 9 19 (1024 -128 0 ) (1024 -128 -256 ) (1152 -128 -256 ) (1152 -128 0 ) 
4 10 36 (1024 -432 256 ) (1024 -128 256 ) (1024 -128 128 ) (1024 -432 128 ) 
4 10 17 (1024 -432 128 ) (1024 -384 128 ) (1184 -384 128 ) (1184 -432 128 ) 
4 10 16 (1024 -384 128 ) (1024 -128 128 ) (1184 -128 128 ) (1184 -384 128 ) 
4 10 13 (1184 -128 128 ) (1280 -128 128 ) (1280 -432 128 ) (1184 -432 128 ) 
4 10 11 (1024 -432 128 ) (1280 -432 128 ) (1280 -432 256 ) (1024 -432 256 ) 
4 11 38 (1024 -464 256 ) (1024 -432 256 ) (1024 -432 128 ) (1024 -464 128 ) 
4 11 17 (1024 -464 128 ) (1024 -432 128 ) (1184 -432 128 ) (1184 -464 128 ) 
4 11 14 (1184 -432 128 ) (1280 -432 128 ) (1280 -464 128 ) (1184 -464 128 ) 
4 11 12 (1024 -464 128 ) (1280 -464 128 ) (1280 -464 256 ) (1024 -464 256 ) 
4 12 43 (1024 -768 128 ) (1024 -768 256 ) (1024 -464 256 ) (1024 -464 128 ) 
4 12 22 (1280 -768 128 ) (1280 -768 256 ) (1024 -768 256 ) (1024 -768 128 ) 
4 12 18 (1184 -768 128 ) (1024 -768 128 ) (1024 -464 128 ) (1184 -464 128 ) 
4 12 15 (1280 -768 128 ) (1184 -768 128 ) (1184 -464 128 ) (1280 -464 128 ) 
4 13 19 (1184 -384 0 ) (1184 -128 0 ) (1280 -128 0 ) (1280 -384 0 ) 
3 13 17 (1184 -384 0 ) (1184 -432 128 ) (1184 -384 128 ) 
4 13 16 (1184 -128 0 ) (1184 -384 0 ) (1184 -384 128 ) (1184 -128 128 ) 
4 13 14 (1280 -432 128 ) (1184 -432 128 ) (1184 -384 0 ) (1280 -384 0 ) 
4 14 19 (1184 -464 0 ) (1184 -384 0 ) (1280 -384 0 ) (1280 -464 0 ) 
4 14 17 (1184 -384 0 ) (1184 -464 0 ) (1184 -464 128 ) (1184 -432 128 ) 
4 14 15 (1184 -464 128 ) (1184 -464 0 ) (1280 -464 0 ) (1280 -464 128 ) 
4 15 22 (1280 -768 0 ) (1280 -768 128 ) (1184 -768 128 ) (1184 -768 0 ) 
4 15 20 (1184 -592 0 ) (1184 -576 0 ) (1280 -576 0 ) (1280 -592 0 ) 
4 15 19 (1184 -576 0 ) (1184 -464 0 ) (1280 -464 0 ) (1280 -576 0 ) 
4 15 21 (1280 -768 0 ) (1184 -768 0 ) (1184 -592 0 ) (1280 -592 0 ) 
4 15 18 (1184 -464 0 ) (1184 -768 0 ) (1184 -768 128 ) (1184 -464 128 ) 
4 16 39 (1024 -384 128 ) (1024 -128 128 ) (1024 -128 0 ) (1024 -384 0 ) 
4 16 19 (1024 -384 0 ) (1024 -128 0 ) (1184 -128 0 ) (1184 -384 0 ) 
4 16 17 (1024 -384 0 ) (1184 -384 0 ) (1184 -384 128 ) (1024 -384 128 ) 
4 17 42 (1024 -464 128 ) (1024 -384 128 ) (1024 -384 0 ) (1024 -464 0 ) 
4 17 19 (1024 -464 0 ) (1024 -384 0 ) (1184 -384 0 ) (1184 -464 0 ) 
4 17 18 (1024 -464 0 ) (1184 -464 0 ) (1184 -464 128 ) (1024 -464 128 ) 
4 18 43 (1024 -768 0 ) (1024 -768 128 ) (1024 -464 128 ) (1024 -464 0 ) 
4 18 22 (1184 -768 128 ) (1024 -768 128 ) (1024 -768 0 ) (1184 -768 0 ) 
4 18 20 (1024 -592 0 ) (1024 -576 0 ) (1184 -576 0 ) (1184 -592 0 ) 
4 18 19 (1024 -576 0 ) (1024 -464 0 ) (1184 -464 0 ) (1184 -576 0 ) 
4 18 21 (1184 -768 0 ) (1024 -768 0 ) (1024 -592 0 ) (1184 -592 0 ) 
4 19 47 (1024 -576 0 ) (1024 -128 0 ) (1024 -128 -256 ) (1024 -576 -256 ) 
4 19 20 (1024 -576 -256 ) (1280 -576 -256 ) (1280 -576 0 ) (1024 -576 0 ) 
4 20 48 (1024 -592 0 ) (1024 -576 0 ) (1024 -576 -256 ) (1024 -592 -256 ) 
4 20 21 (1024 -592 -256 ) (1280 -592 -256 ) (1280 -592 0 ) (1024 -592 0 ) 
4 21 49 (1024 -768 -256 ) (1024 -768 0 ) (1024 -592 0 ) (1024 -592 -256 ) 
4 21 23 (1280 -768 -256 ) (1280 -768 0 ) (1024 -768 0 ) (1024 -768 -256 ) 
4 22 44 (1024 -784 256 ) (1024 -768 256 ) (1024 -768 0 ) (1024 -784 0 ) 
4 22 25 (1280 -784 0 ) (1280 -784 256 ) (1024 -784 256 ) (1024 -784 0 ) 
4 22 23 (1280 -784 0 ) (1024 -784 0 ) (1024 -768 0 ) (1280 -768 0 ) 
4 23 50 (1024 -768 0 ) (1024 -768 -256 ) (1024 -784 -237.714294 ) (1024 -784 0 ) 
4 23 25 (1280 -784 -237.714294 ) (1280 -784 0 ) (1024 -784 0 ) (1024 -784 -237.714279 ) 
4 23 24 (1024 -768 -255.997787 ) (1280 -768 -255.997787 ) (1280 -784 -237.712067 ) (1024 -784 -237.712067 ) 
4 24 51 (1024 -768 -256 ) (1024 -768 -512 ) (1024 -784 -512 ) (1024 -784 -237.714294 ) 
4 24 26 (1024 -784 -512 ) (1280 -784 -512 ) (1280 -784 -237.714294 ) (1024 -784 -237.714279 ) 
4 25 50 (1024 -784 0 ) (1024 -784 -237.714279 ) (1024 -880 -128 ) (1024 -880 0 ) 
4 25 45 (1024 -880 256 ) (1024 -784 256 ) (1024 -784 0 ) (1024 -880 0 ) 
4 25 27 (1280 -880 -128 ) (1280 -880 256 ) (1024 -880 256 ) (1024 -880 -128 ) 
4 25 26 (1024 -784 -237.712036 ) (1280 -784 -237.712036 ) (1280 -880 -127.997749 ) (1024 -880 -127.997749 ) 
4 26 51 (1024 -784 -237.714279 ) (1024 -784 -512 ) (1024 -880 -512 ) (1024 -880 -128 ) 
4 26 27 (1024 -880 -512 ) (1280 -880 -512 ) (1280 -880 -128 ) (1024 -880 -128 ) 
4 27 52 (1024 -1024 -512 ) (1024 -1024 0 ) (1024 -880 0 ) (1024 -880 -512 ) 
4 27 46 (1024 -1024 0 ) (1024 -1024 256 ) (1024 -880 256 ) (1024 -880 0 ) 
4 27 28 (1280 -1024 -512 ) (1280 -1024 256 ) (1024 -1024 256 ) (1024 -1024 -512 ) 
4 28 67 (1024 -1280 -512 ) (1024 -1280 256 ) (1024 -1024 256 ) (1024 -1024 -512 ) 
4 29 36 (1024 -128 136 ) (1024 -128 256 ) (896 -128 256 ) (896 -128 136 ) 
4 30 39 (1024 -128 0 ) (1024 -128 128 ) (896 -128 128 ) (896 -128 0 ) 
4 30 32 (896 -128 0 ) (896 -128 64 ) (896 -32 64 ) (896 -32 0 ) 
4 31 47 (1024 -128 -128 ) (1024 -128 -16 ) (896 -128 -16 ) (896 -128 -128 ) 
4 31 33 (896 -128 -128 ) (896 -128 -16 ) (896 0 -16 ) (896 0 -128 ) 
4 32 39 (896 -128 0 ) (896 -128 64 ) (768 -128 64 ) (768 -128 0 ) 
4 32 34 (768 -32 0 ) (768 -128 0 ) (768 -128 64 ) (768 -32 64 ) 
4 33 47 (896 -128 -128 ) (896 -128 -16 ) (768 -128 -16 ) (768 -128 -128 ) 
4 33 35 (768 0 -16 ) (768 0 -128 ) (768 -128 -128 ) (768 -128 -16 ) 
4 34 39 (768 -128 0 ) (768 -128 128 ) (0 -128 128 ) (0 -128 0 ) 
4 35 53 (0 0 -16 ) (0 0 -128 ) (0 -128 -128 ) (0 -128 -16 ) 
4 35 47 (768 -128 -128 ) (768 -128 -16 ) (0 -128 -16 ) (0 -128 -128 ) 
4 36 55 (0 -432 256 ) (0 -384 256 ) (0 -384 128 ) (0 -432 128 ) 
4 36 54 (0 -384 256 ) (0 -128 256 ) (0 -128 128 ) (0 -384 128 ) 
4 36 41 (0 -432 128 ) (0 -384 128 ) (256 -384 128 ) (284.799988 -432 128 ) 
4 36 40 (256 -384 128 ) (569.872009 -384 128 ) (544.748779 -432 128 ) (284.799988 -432 128 ) 
4 36 42 (569.872009 -384 128 ) (1024 -384 128 ) (1024 -432 128 ) (544.748779 -432 128 ) 
4 36 39 (0 -384 128 ) (0 -128 128 ) (1024 -128 128 ) (1024 -384 128 ) 
4 36 38 (576 -432 128 ) (1024 -432 128 ) (1024 -432 256 ) (576 -432 256 ) 
4 36 37 (0 -432 128 ) (576 -432 128 ) (576 -432 256 ) (0 -432 256 ) 
4 37 55 (0 -464 256 ) (0 -432 256 ) (0 -432 128 ) (0 -464 128 ) 
4 37 43 (528 -464 256 ) (0 -464 256 ) (0 -464 128 ) (528 -464 128 ) 
4 37 41 (304 -464 128 ) (0 -464 128 ) (0 -432 128 ) (284.799988 -432 128 ) 
4 37 40 (528 -464 128 ) (304 -464 128 ) (284.799988 -432 128 ) (544.748779 -432 128 ) 
3 37 42 (528 -464 128 ) (544.748779 -432 128 ) (576 -432 128 ) 
4 37 38 (528 -464 256 ) (528 -464 128 ) (576 -432 128 ) (576 -432 256 ) 
4 38 43 (1024 -464 128 ) (1024 -464 256 ) (528 -464 256 ) (528 -464 128 ) 
4 38 42 (1024 -464 128 ) (528 -464 128 ) (576 -432 128 ) (1024 -432 128 ) 
4 39 54 (0 -128 128 ) (0 -128 0 ) (0 -384 0 ) (0 -384 128 ) 
4 39 47 (0 -384 0 ) (0 -128 0 ) (1024 -128 0 ) (1024 -384 0 ) 
4 39 41 (0 -384 0 ) (256 -384 0 ) (256 -384 128 ) (0 -384 128 ) 
4 39 40 (256 -384 0 ) (569.872009 -384 0 ) (569.872009 -384 128 ) (256 -384 128 ) 
4 39 42 (569.872009 -384 0 ) (1024 -384 0 ) (1024 -384 128 ) (569.872009 -384 128 ) 
4 40 47 (256 -384 0 ) (569.872009 -384 0 ) (528 -464 0 ) (304 -464 0 ) 
4 40 43 (304 -464 0 ) (528 -464 0 ) (528 -464 128 ) (304 -464 128 ) 
4 40 42 (569.872620 -384 0 ) (569.872620 -384 128 ) (528 -464 128 ) (528 -464 0 ) 
4 40 41 (256 -384 128 ) (256 -384 0 ) (304 -464 0 ) (304 -464 128 ) 
4 41 56 (0 -384 0 ) (0 -464 0 ) (0 -464 128 ) (0 -384 128 ) 
4 41 47 (0 -464 0 ) (0 -384 0 ) (256 -384 0 ) (304 -464 0 ) 
4 41 43 (0 -464 0 ) (304 -464 0 ) (304 -464 128 ) (0 -464 128 ) 
4 42 47 (569.872009 -384 0 ) (1024 -384 0 ) (1024 -464 0 ) (528 -464 0 ) 
4 42 43 (528 -464 0 ) (1024 -464 0 ) (1024 -464 128 ) (528 -464 128 ) 
4 43 57 (0 -768 256 ) (0 -464 256 ) (0 -464 0 ) (0 -768 0 ) 
4 43 48 (0 -592 0 ) (0 -576 0 ) (1024 -576 0 ) (1024 -592 0 ) 
4 43 47 (0 -576 0 ) (0 -464 0 ) (1024 -464 0 ) (1024 -576 0 ) 
4 43 49 (0 -768 0 ) (0 -592 0 ) (1024 -592 0 ) (1024 -768 0 ) 
4 43 44 (0 -768 0 ) (1024 -768 0 ) (1024 -768 256 ) (0 -768 256 ) 
4 44 61 (0 -784 256 ) (0 -768 256 ) (0 -768 0 ) (0 -784 0 ) 
4 44 50 (0 -784 0 ) (0 -768 0 ) (1024 -768 0 ) (1024 -784 0 ) 
4 44 45 (0 -784 0 ) (1024 -784 0 ) (1024 -784 256 ) (0 -784 256 ) 
4 45 64 (0 -880 256 ) (0 -784 256 ) (0 -784 0 ) (0 -880 0 ) 
4 45 50 (0 -880 0 ) (0 -784 0 ) (1024 -784 0 ) (1024 -880 0 ) 
4 45 46 (0 -880 0 ) (1024 -880 0 ) (1024 -880 256 ) (0 -880 256 ) 
4 46 67 (1024 -1024 0 ) (1024 -1024 256 ) (0 -1024 256 ) (0 -1024 0 ) 
4 46 66 (0 -1024 0 ) (0 -1024 256 ) (0 -880 256 ) (0 -880 0 ) 
4 46 52 (0 -1024 0 ) (0 -880 0 ) (1024 -880 0 ) (1024 -1024 0 ) 
4 47 58 (0 -576 0 ) (0 -128 0 ) (0 -128 -256 ) (0 -576 -256 ) 
4 47 48 (0 -576 -256 ) (1024 -576 -256 ) (1024 -576 0 ) (0 -576 0 ) 
4 48 59 (0 -592 0 ) (0 -576 0 ) (0 -576 -256 ) (0 -592 -256 ) 
4 48 49 (0 -592 -256 ) (1024 -592 -256 ) (1024 -592 0 ) (0 -592 0 ) 
4 49 60 (0 -768 0 ) (0 -592 0 ) (0 -592 -256 ) (0 -768 -256 ) 
4 49 50 (1024 -768 -256 ) (1024 -768 0 ) (0 -768 0 ) (0 -768 -256 ) 
4 50 64 (0 -880 0 ) (0 -784 0 ) (0 -784 -237.714279 ) (0 -880 -128 ) 
4 50 62 (0 -784 0 ) (0 -768 0 ) (0 -768 -256 ) (0 -784 -237.714279 ) 
4 50 52 (1024 -880 -128 ) (1024 -880 0 ) (0 -880 0 ) (0 -880 -128 ) 
4 50 51 (0 -768 -255.997757 ) (1024 -768 -255.997757 ) (1024 -880 -127.997749 ) (0 -880 -127.997749 ) 
4 51 65 (0 -784 -512 ) (0 -880 -512 ) (0 -880 -128 ) (0 -784 -237.714279 ) 
4 51 63 (0 -768 -256 ) (0 -768 -512 ) (0 -784 -512 ) (0 -784 -237.714279 ) 
4 51 52 (0 -880 -512 ) (1024 -880 -512 ) (1024 -880 -128 ) (0 -880 -128 ) 
4 52 67 (1024 -1024 -512 ) (1024 -1024 0 ) (0 -1024 0 ) (0 -1024 -512 ) 
4 52 66 (0 -1024 -512 ) (0 -1024 0 ) (0 -880 0 ) (0 -880 -512 ) 
4 53 58 (-128 -128 -16 ) (-128 -128 -128 ) (0 -128 -128 ) (0 -128 -16 ) 
4 54 58 (-128 -384 0 ) (-128 -128 0 ) (0 -128 0 ) (0 -384 0 ) 
4 54 56 (-128 -384 0 ) (0 -384 0 ) (0 -384 128 ) (-128 -384 128 ) 
4 54 55 (0 -384 128 ) (0 -384 256 ) (-128 -384 256 ) (-128 -384 128 ) 
4 55 57 (0 -464 128 ) (0 -464 256 ) (-128 -464 256 ) (-128 -464 128 ) 
4 55 56 (0 -464 128 ) (-128 -464 128 ) (-128 -384 128 ) (0 -384 128 ) 
4 56 58 (-128 -464 0 ) (-128 -384 0 ) (0 -384 0 ) (0 -464 0 ) 
4 56 57 (-128 -464 0 ) (0 -464 0 ) (0 -464 128 ) (-128 -464 128 ) 
4 57 61 (-128 -768 256 ) (-128 -768 0 ) (0 -768 0 ) (0 -768 256 ) 
4 57 59 (-128 -592 0 ) (-128 -576 0 ) (0 -576 0 ) (0 -592 0 ) 
4 57 58 (-128 -576 0 ) (-128 -464 0 ) (0 -464 0 ) (0 -576 0 ) 
4 57 60 (0 -768 0 ) (-128 -768 0 ) (-128 -592 0 ) (0 -592 0 ) 
4 58 59 (-128 -576 -256 ) (0 -576 -256 ) (0 -576 0 ) (-128 -576 0 ) 
4 59 60 (-128 -592 -256 ) (0 -592 -256 ) (0 -592 0 ) (-128 -592 0 ) 
4 60 62 (-128 -768 0 ) (-128 -768 -256 ) (0 -768 -256 ) (0 -768 0 ) 
4 61 64 (0 -784 0 ) (0 -784 256 ) (-128 -784 256 ) (-128 -784 0 ) 
4 61 62 (0 -784 0 ) (-128 -784 0 ) (-128 -768 0 ) (0 -768 0 ) 
4 62 64 (0 -784 -237.714294 ) (0 -784 0 ) (-128 -784 0 ) (-128 -784 -237.714279 ) 
4 62 63 (-128 -768 -255.997787 ) (0 -768 -255.997787 ) (0 -784 -237.712067 ) (-128 -784 -237.712067 ) 
4 63 65 (-128 -784 -512 ) (0 -784 -512 ) (0 -784 -237.714294 ) (-128 -784 -237.714279 ) 
4 64 66 (0 -880 -128 ) (0 -880 256 ) (-128 -880 256 ) (-128 -880 -128 ) 
4 64 65 (-128 -784 -237.712036 ) (0 -784 -237.712036 ) (0 -880 -127.997749 ) (-128 -880 -127.997749 ) 
4 65 66 (-128 -880 -512 ) (0 -880 -512 ) (0 -880 -128 ) (-128 -880 -128 ) 
4 66 68 (0 -1024 -512 ) (0 -1024 256 ) (-128 -1024 256 ) (-128 -1024 -512 ) 
4 67 68 (0 -1024 256 ) (0 -1024 -512 ) (0 -1280 -512 ) (0 -1280 256 ) 
