PRT1
13
25
4 0 3 (1024 -128 0 ) (1024 -128 128 ) (1024 0 128 ) (1024 0 0 ) 
4 0 1 (1280 -128 0 ) (1280 -128 128 ) (1024 -128 128 ) (1024 -128 0 ) 
4 1 10 (1024 -768 -108.799019 ) (1024 -768 256 ) (1024 -320 256 ) (1024 -320 70.400795 ) 
4 1 8 (1024 -768 -128 ) (1024 -768 -108.799019 ) (1024 -320 70.400795 ) (1024 -320 -128 ) 
4 1 7 (1024 -320 256 ) (1024 -128 256 ) (1024 -128 -128 ) (1024 -320 -128 ) 
4 2 5 (512 0 128 ) (320 0 128 ) (320 0 0 ) (512 0 0 ) 
4 3 7 (896 -128 0 ) (1024 -128 0 ) (1024 -128 128 ) (896 -128 128 ) 
4 3 4 (896 -32 0 ) (896 -128 0 ) (896 -128 64 ) (896 -32 64 ) 
4 4 7 (768 -128 0 ) (896 -128 0 ) (896 -128 64 ) (768 -128 64 ) 
4 4 5 (768 -32 0 ) (768 -128 0 ) (768 -128 64 ) (768 -32 64 ) 
4 5 7 (0 -128 128 ) (0 -128 0 ) (768 -128 0 ) (768 -128 128 ) 
4 5 6 (512 -128 0 ) (256 -128 0 ) (256 0 0 ) (512 0 0 ) 
4 6 7 (384 -128 -64 ) (448 -128 -64 ) (512 -128 0 ) (256 -128 0 ) 
4 7 12 (0 -320 256 ) (0 -128 256 ) (0 -128 -128 ) (0 -320 -128 ) 
4 7 11 (512 -320 256 ) (256 -320 256 ) (256 -320 70.400795 ) (512 -320 70.400795 ) 
4 7 10 (1024 -320 70.400795 ) (1024 -320 256 ) (512 -320 256 ) (512 -320 70.400795 ) 
4 7 9 (256 -320 256 ) (0 -320 256 ) (0 -320 70.400795 ) (256 -320 70.400795 ) 
4 7 8 (0 -320 -128 ) (1024 -320 -128 ) (1024 -320 70.400795 ) (0 -320 70.400795 ) 
4 8 12 (0 -768 -128 ) (0 -768 -108.799019 ) (0 -320 70.400795 ) (0 -320 -128 ) 
4 8 11 (512 -320 70.400879 ) (256 -320 70.400879 ) (72 -768 -108.798943 ) (704 -768 -108.798943 ) 
4 8 10 (1024 -320 70.400879 ) (512 -320 70.400879 ) (704 -768 -108.798943 ) (1024 -768 -108.798943 ) 
4 8 9 (256 -320 70.400879 ) (0 -320 70.400879 ) (0 -768 -108.798943 ) (72 -768 -108.798943 ) 
4 9 12 (0 -768 -108.799019 ) (0 -768 256 ) (0 -320 256 ) (0 -320 70.400795 ) 
4 9 11 (72 -768 -108.799728 ) (256 -320 70.400078 ) (256 -320 256 ) (72 -768 256 ) 
4 10 11 (512 -320 256 ) (512 -320 70.401932 ) (704 -768 -108.797874 ) (704 -768 256 ) 
